<?xml version="1.0" encoding="UTF-8"?>
<!-- Generated by org.testng.reporters.JUnitXMLReporter -->
<testsuite ignored="4" hostname="LAPTOP-Q4DCNU94" failures="0" tests="4" name="looping concept" time="15.406" errors="0" timestamp="2024-08-27T09:56:50 IST">
  <testcase classname="fita.tests.Test002" name="method1" time="0.008"/>
  <testcase classname="fita.tests.Test002" name="method4" time="0.003"/>
  <testcase classname="fita.tests.Test002" name="method6" time="0.001"/>
  <testcase classname="fita.tests.Test003" name="addProductIphone" time="3.124"/>
  <testcase classname="fita.tests.Test002" name="method5" time="0.0">
    <ignored/>
  </testcase> <!-- method5 -->
  <testcase classname="fita.tests.Test002" name="method2" time="0.0">
    <ignored/>
  </testcase> <!-- method2 -->
  <testcase classname="fita.tests.Test002" name="method3" time="0.0">
    <ignored/>
  </testcase> <!-- method3 -->
  <testcase classname="fita.tests.Test003" name="checkIfProductAdded" time="0.0">
    <ignored/>
  </testcase> <!-- checkIfProductAdded -->
</testsuite> <!-- looping concept -->
