<?xml version="1.0" encoding="UTF-8"?>
<!-- Generated by org.testng.reporters.JUnitXMLReporter -->
<testsuite ignored="3" hostname="LAPTOP-Q4DCNU94" failures="2" tests="11" name="Command line test" time="0.106" errors="0" timestamp="2024-09-23T09:12:41 IST">
  <testcase classname="fita.tests.Test001" name="loginApp" time="0.037">
    <failure type="java.lang.NullPointerException">
      <![CDATA[java.lang.NullPointerException
at fita.pageobjects.LoginPage.enterUseremail(LoginPage.java:37)
at fita.pageobjects.LoginPage.performLogin(LoginPage.java:52)
at fita.tests.Test001.loginApp(Test001.java:35)
at java.base/java.util.ArrayList.forEach(ArrayList.java:1541)
... Removed 37 stack frames]]>
    </failure>
  </testcase> <!-- loginApp -->
  <testcase classname="fita.tests.Test001" name="addProduct" time="0.001">
    <skipped/>
  </testcase> <!-- addProduct -->
  <testcase classname="fita.tests.Test001" name="checkIfProductAdded" time="0.0">
    <skipped/>
  </testcase> <!-- checkIfProductAdded -->
  <testcase classname="fita.tests.Test002" name="method1" time="0.001"/>
  <testcase classname="fita.tests.Test002" name="method3" time="0.001"/>
  <testcase classname="fita.tests.Test002" name="method4" time="0.001"/>
  <testcase classname="fita.tests.Test002" name="method5" time="0.001"/>
  <testcase classname="fita.tests.Test002" name="method6" time="0.001"/>
  <testcase classname="fita.tests.Test003" name="loginApp" time="0.001">
    <failure type="java.lang.NullPointerException">
      <![CDATA[java.lang.NullPointerException
at fita.pageobjects.LoginPage.enterUseremail(LoginPage.java:37)
at fita.tests.Test003.loginApp(Test003.java:27)
at java.base/java.util.ArrayList.forEach(ArrayList.java:1541)
... Removed 37 stack frames]]>
    </failure>
  </testcase> <!-- loginApp -->
  <testcase classname="fita.tests.Test003" name="addProductIphone" time="0.001">
    <skipped/>
  </testcase> <!-- addProductIphone -->
  <testcase classname="fita.tests.Test003" name="checkIfProductAdded" time="0.001">
    <skipped/>
  </testcase> <!-- checkIfProductAdded -->
  <testcase classname="fita.utilites.BaseClass" name="@AfterSuite end" time="0.0">
    <ignored/>
  </testcase> <!-- @AfterSuite end -->
  <testcase classname="fita.utilites.BaseClass" name="@BeforeSuite openURL" time="0.0">
    <ignored/>
  </testcase> <!-- @BeforeSuite openURL -->
  <testcase classname="fita.tests.Test002" name="method2" time="0.0">
    <ignored/>
  </testcase> <!-- method2 -->
</testsuite> <!-- Command line test -->
