<?xml version="1.0" encoding="UTF-8" ?>
<testsuite tests="11" failures="2" name="TestSuite" time="0.047" errors="0" skipped="4">
  <properties>
[...]
</properties>
  <testcase classname="fita.tests.Test001" name="loginApp" time="0.041">
    <failure type="java.lang.NullPointerException">java.lang.NullPointerException
	at fita.pageobjects.LoginPage.enterUseremail(LoginPage.java:37)
	at fita.pageobjects.LoginPage.performLogin(LoginPage.java:52)
	at fita.tests.Test001.loginApp(Test001.java:35)
</failure>
    <system-out>Configuring TestNG with: org.apache.maven.surefire.testng.conf.TestNG652Configurator@3891771e
</system-out>
    <system-err>SLF4J: Failed to load class &quot;org.slf4j.impl.StaticLoggerBinder&quot;.
SLF4J: Defaulting to no-operation (NOP) logger implementation
SLF4J: See http://www.slf4j.org/codes.html#StaticLoggerBinder for further details.
</system-err>
  </testcase>
  <testcase classname="fita.tests.Test001" name="addProduct" time="0">
    <skipped/>
  </testcase>
  <testcase classname="fita.tests.Test001" name="checkIfProductAdded" time="0">
    <skipped/>
  </testcase>
  <testcase classname="fita.tests.Test002" name="method1" time="0.001"/>
  <testcase classname="fita.tests.Test002" name="method3" time="0"/>
  <testcase classname="fita.tests.Test002" name="method4" time="0.001"/>
  <testcase classname="fita.tests.Test002" name="method5" time="0.001"/>
  <testcase classname="fita.tests.Test002" name="method6" time="0.001"/>
  <testcase classname="fita.tests.Test003" name="loginApp" time="0.002">
    <failure type="java.lang.NullPointerException">java.lang.NullPointerException
	at fita.pageobjects.LoginPage.enterUseremail(LoginPage.java:37)
	at fita.tests.Test003.loginApp(Test003.java:27)
</failure>
  </testcase>
  <testcase classname="fita.tests.Test003" name="addProductIphone" time="0">
    <skipped/>
  </testcase>
  <testcase classname="fita.tests.Test003" name="checkIfProductAdded" time="0">
    <skipped/>
  </testcase>
</testsuite>