<?xml version="1.0" encoding="UTF-8"?>
<testng-results ignored="0" total="3" passed="3" failed="0" skipped="0">
  <reporter-output>
  </reporter-output>
  <suite started-at="2024-09-20T09:50:13 IST" name="fita-selenium" finished-at="2024-09-20T09:51:28 IST" duration-ms="75706">
    <groups>
      <group name="cucumber">
        <method signature="AbstractTestNGCucumberTests.runScenario(io.cucumber.testng.PickleWrapper,io.cucumber.testng.FeatureWrapper)[pri:0, instance:fita.tests.Runner@723ca036]" name="runScenario" class="io.cucumber.testng.AbstractTestNGCucumberTests"/>
      </group> <!-- cucumber -->
    </groups>
    <test started-at="2024-09-20T09:50:13 IST" name="cucumber test" finished-at="2024-09-20T09:51:28 IST" duration-ms="75706">
      <class name="fita.tests.Runner">
        <test-method is-config="true" signature="setUpClass(org.testng.ITestContext)[pri:0, instance:fita.tests.Runner@723ca036]" started-at="2024-09-20T09:50:13 IST" name="setUpClass" finished-at="2024-09-20T09:50:13 IST" duration-ms="535" status="PASS">
          <params>
            <param index="0">
              <value>
                <![CDATA[org.testng.TestRunner@32227215]]>
              </value>
            </param>
          </params>
          <reporter-output>
          </reporter-output>
        </test-method> <!-- setUpClass -->
        <test-method signature="runScenario(io.cucumber.testng.PickleWrapper,io.cucumber.testng.FeatureWrapper)[pri:0, instance:fita.tests.Runner@723ca036]" started-at="2024-09-20T09:50:13 IST" name="runScenario" description="Runs Cucumber Scenarios" data-provider="scenarios" finished-at="2024-09-20T09:50:41 IST" duration-ms="28327" status="PASS">
          <params>
            <param index="0">
              <value>
                <![CDATA["User adding fashion product"]]>
              </value>
            </param>
            <param index="1">
              <value>
                <![CDATA["Title of your feature"]]>
              </value>
            </param>
          </params>
          <reporter-output>
          </reporter-output>
        </test-method> <!-- runScenario -->
        <test-method signature="runScenario(io.cucumber.testng.PickleWrapper,io.cucumber.testng.FeatureWrapper)[pri:0, instance:fita.tests.Runner@723ca036]" started-at="2024-09-20T09:50:41 IST" name="runScenario" description="Runs Cucumber Scenarios" data-provider="scenarios" finished-at="2024-09-20T09:51:04 IST" duration-ms="22579" status="PASS">
          <params>
            <param index="0">
              <value>
                <![CDATA["User adding fashion product"]]>
              </value>
            </param>
            <param index="1">
              <value>
                <![CDATA["Title of your feature"]]>
              </value>
            </param>
          </params>
          <reporter-output>
          </reporter-output>
        </test-method> <!-- runScenario -->
        <test-method signature="runScenario(io.cucumber.testng.PickleWrapper,io.cucumber.testng.FeatureWrapper)[pri:0, instance:fita.tests.Runner@723ca036]" started-at="2024-09-20T09:51:04 IST" name="runScenario" description="Runs Cucumber Scenarios" data-provider="scenarios" finished-at="2024-09-20T09:51:28 IST" duration-ms="24198" status="PASS">
          <params>
            <param index="0">
              <value>
                <![CDATA["User adding fashion product"]]>
              </value>
            </param>
            <param index="1">
              <value>
                <![CDATA["Title of your feature"]]>
              </value>
            </param>
          </params>
          <reporter-output>
          </reporter-output>
        </test-method> <!-- runScenario -->
        <test-method is-config="true" signature="tearDownClass()[pri:0, instance:fita.tests.Runner@723ca036]" started-at="2024-09-20T09:51:28 IST" name="tearDownClass" finished-at="2024-09-20T09:51:28 IST" duration-ms="16" status="PASS">
          <reporter-output>
          </reporter-output>
        </test-method> <!-- tearDownClass -->
      </class> <!-- fita.tests.Runner -->
    </test> <!-- cucumber test -->
  </suite> <!-- fita-selenium -->
</testng-results>
